<?xml version="1.0" encoding="UTF-8"?>
<!-- Generated by org.testng.reporters.JUnitReportReporter -->
<testsuite skipped="0" hostname="DESKTOP-488FP15" name="Test.Demo" tests="1" failures="0" timestamp="21 Jul 2019 06:57:03 GMT" time="0.013" errors="0">
  <testcase name="test" time="0.013" classname="Test.Demo"/>
</testsuite> <!-- Test.Demo -->
